<?xml version="1.0" encoding="UTF-8"?>
<!-- Generated by org.testng.reporters.JUnitReportReporter -->
<testsuite hostname="DESKTOP-BB77LFE" failures="0" tests="2" name="test.LoginTest" time="26.917" errors="0" timestamp="2023-08-25T16:22:21 IST" skipped="0">
  <testcase classname="test.LoginTest" name="Login" time="6.646"/>
  <testcase classname="test.LoginTest" name="Login" time="20.271"/>
</testsuite> <!-- test.LoginTest -->
